c:\users\pcyou\documents\visual studio 2015\projects\ポリゴン（改）\ポリゴン（改）\debug\vc140.pdb
c:\users\pcyou\documents\visual studio 2015\projects\ポリゴン（改）\ポリゴン（改）\debug\vc140.idb
c:\users\pcyou\documents\visual studio 2015\projects\ポリゴン（改）\ポリゴン（改）\debug\bomb.obj
c:\users\pcyou\documents\visual studio 2015\projects\ポリゴン（改）\ポリゴン（改）\debug\enemy.obj
c:\users\pcyou\documents\visual studio 2015\projects\ポリゴン（改）\ポリゴン（改）\debug\main.obj
c:\users\pcyou\documents\visual studio 2015\projects\ポリゴン（改）\ポリゴン（改）\debug\number.obj
c:\users\pcyou\documents\visual studio 2015\projects\ポリゴン（改）\ポリゴン（改）\debug\player.obj
c:\users\pcyou\documents\visual studio 2015\projects\ポリゴン（改）\ポリゴン（改）\debug\sound.obj
c:\users\pcyou\documents\visual studio 2015\projects\ポリゴン（改）\ポリゴン（改）\debug\explosion.obj
c:\users\pcyou\documents\visual studio 2015\projects\ポリゴン（改）\ポリゴン（改）\debug\bullet.obj
c:\users\pcyou\documents\visual studio 2015\projects\ポリゴン（改）\ポリゴン（改）\debug\fade.obj
c:\users\pcyou\documents\visual studio 2015\projects\ポリゴン（改）\ポリゴン（改）\debug\game.obj
c:\users\pcyou\documents\visual studio 2015\projects\ポリゴン（改）\ポリゴン（改）\debug\manager.obj
c:\users\pcyou\documents\visual studio 2015\projects\ポリゴン（改）\ポリゴン（改）\debug\scene.obj
c:\users\pcyou\documents\visual studio 2015\projects\ポリゴン（改）\ポリゴン（改）\debug\renderer.obj
c:\users\pcyou\documents\visual studio 2015\projects\ポリゴン（改）\ポリゴン（改）\debug\score.obj
c:\users\pcyou\documents\visual studio 2015\projects\ポリゴン（改）\ポリゴン（改）\debug\scene2d.obj
c:\users\pcyou\documents\visual studio 2015\projects\ポリゴン（改）\ポリゴン（改）\debug\bg.obj
c:\users\pcyou\documents\visual studio 2015\projects\ポリゴン（改）\ポリゴン（改）\debug\tcp_client.obj
c:\users\pcyou\documents\visual studio 2015\projects\ポリゴン（改）\ポリゴン（改）\debug\finish.obj
c:\users\pcyou\documents\visual studio 2015\projects\ポリゴン（改）\ポリゴン（改）\debug\title.obj
c:\users\pcyou\documents\visual studio 2015\projects\ポリゴン（改）\ポリゴン（改）\debug\result.obj
c:\users\pcyou\documents\visual studio 2015\projects\ポリゴン（改）\ポリゴン（改）\debug\life.obj
c:\users\pcyou\documents\visual studio 2015\projects\ポリゴン（改）\ポリゴン（改）\debug\debugproc.obj
c:\users\pcyou\documents\visual studio 2015\projects\ポリゴン（改）\debug\ポリゴン（改）.ilk
c:\users\pcyou\documents\visual studio 2015\projects\ポリゴン（改）\debug\ポリゴン（改）.exe
c:\users\pcyou\documents\visual studio 2015\projects\ポリゴン（改）\debug\ポリゴン（改）.pdb
c:\users\pcyou\documents\visual studio 2015\projects\ポリゴン（改）\ポリゴン（改）\debug\effect.obj
c:\users\pcyou\documents\visual studio 2015\projects\ポリゴン（改）\ポリゴン（改）\debug\input.obj
c:\users\pcyou\documents\visual studio 2015\projects\ポリゴン（改）\ポリゴン（改）\debug\mode.obj
c:\users\pcyou\documents\visual studio 2015\projects\ポリゴン（改）\ポリゴン（改）\debug\bomb.obj.enc
c:\users\pcyou\documents\visual studio 2015\projects\ポリゴン（改）\ポリゴン（改）\debug\ポリゴン（改）.tlog\cl.command.1.tlog
c:\users\pcyou\documents\visual studio 2015\projects\ポリゴン（改）\ポリゴン（改）\debug\ポリゴン（改）.tlog\cl.read.1.tlog
c:\users\pcyou\documents\visual studio 2015\projects\ポリゴン（改）\ポリゴン（改）\debug\ポリゴン（改）.tlog\cl.write.1.tlog
c:\users\pcyou\documents\visual studio 2015\projects\ポリゴン（改）\ポリゴン（改）\debug\ポリゴン（改）.tlog\link.command.1.tlog
c:\users\pcyou\documents\visual studio 2015\projects\ポリゴン（改）\ポリゴン（改）\debug\ポリゴン（改）.tlog\link.read.1.tlog
c:\users\pcyou\documents\visual studio 2015\projects\ポリゴン（改）\ポリゴン（改）\debug\ポリゴン（改）.tlog\link.write.1.tlog
